  carrot.c
C:\Users\rlarl\Documents\GitHub\GAMP\sdl2Santa\santa15\src\game\carrot.c(54,36): error C2220: 다음 경고는 오류로 처리됩니다.
C:\Users\rlarl\Documents\GitHub\GAMP\sdl2Santa\santa15\src\game\carrot.c(54,36): warning C4244: '함수': 'double'에서 'int'(으)로 변환하면서 데이터가 손실될 수 있습니다.
C:\Users\rlarl\Documents\GitHub\GAMP\sdl2Santa\santa15\src\game\carrot.c(54,45): warning C4244: '함수': 'double'에서 'int'(으)로 변환하면서 데이터가 손실될 수 있습니다.
C:\Users\rlarl\Documents\GitHub\GAMP\sdl2Santa\santa15\src\game\carrot.c(63,18): warning C4244: '함수': 'double'에서 'int'(으)로 변환하면서 데이터가 손실될 수 있습니다.
C:\Users\rlarl\Documents\GitHub\GAMP\sdl2Santa\santa15\src\game\carrot.c(63,27): warning C4244: '함수': 'double'에서 'int'(으)로 변환하면서 데이터가 손실될 수 있습니다.
C:\Users\rlarl\Documents\GitHub\GAMP\sdl2Santa\santa15\src\game\carrot.c(69,20): warning C4244: '함수': 'double'에서 'int'(으)로 변환하면서 데이터가 손실될 수 있습니다.
C:\Users\rlarl\Documents\GitHub\GAMP\sdl2Santa\santa15\src\game\carrot.c(69,29): warning C4244: '함수': 'double'에서 'int'(으)로 변환하면서 데이터가 손실될 수 있습니다.
  chimney.c
C:\Users\rlarl\Documents\GitHub\GAMP\sdl2Santa\santa15\src\game\chimney.c(82,37): error C2220: 다음 경고는 오류로 처리됩니다.
C:\Users\rlarl\Documents\GitHub\GAMP\sdl2Santa\santa15\src\game\chimney.c(82,37): warning C4244: '함수': 'double'에서 'int'(으)로 변환하면서 데이터가 손실될 수 있습니다.
C:\Users\rlarl\Documents\GitHub\GAMP\sdl2Santa\santa15\src\game\chimney.c(82,46): warning C4244: '함수': 'double'에서 'int'(으)로 변환하면서 데이터가 손실될 수 있습니다.
C:\Users\rlarl\Documents\GitHub\GAMP\sdl2Santa\santa15\src\game\chimney.c(86,23): warning C4244: '=': 'double'에서 'int'(으)로 변환하면서 데이터가 손실될 수 있습니다.
C:\Users\rlarl\Documents\GitHub\GAMP\sdl2Santa\santa15\src\game\chimney.c(88,47): warning C4244: '함수': 'double'에서 'int'(으)로 변환하면서 데이터가 손실될 수 있습니다.
C:\Users\rlarl\Documents\GitHub\GAMP\sdl2Santa\santa15\src\game\chimney.c(88,56): warning C4244: '함수': 'double'에서 'int'(으)로 변환하면서 데이터가 손실될 수 있습니다.
C:\Users\rlarl\Documents\GitHub\GAMP\sdl2Santa\santa15\src\game\chimney.c(97,32): warning C4244: '함수': 'double'에서 'int'(으)로 변환하면서 데이터가 손실될 수 있습니다.
C:\Users\rlarl\Documents\GitHub\GAMP\sdl2Santa\santa15\src\game\chimney.c(97,64): warning C4244: '함수': 'double'에서 'int'(으)로 변환하면서 데이터가 손실될 수 있습니다.
C:\Users\rlarl\Documents\GitHub\GAMP\sdl2Santa\santa15\src\game\chimney.c(93,3): warning C4996: 'sprintf': This function or variable may be unsafe. Consider using sprintf_s instead. To disable deprecation, use _CRT_SECURE_NO_WARNINGS. See online help for details.
C:\Users\rlarl\Documents\GitHub\GAMP\sdl2Santa\santa15\src\game\chimney.c(120,22): warning C4244: '함수': 'double'에서 'int'(으)로 변환하면서 데이터가 손실될 수 있습니다.
C:\Users\rlarl\Documents\GitHub\GAMP\sdl2Santa\santa15\src\game\chimney.c(120,31): warning C4244: '함수': 'double'에서 'int'(으)로 변환하면서 데이터가 손실될 수 있습니다.
C:\Users\rlarl\Documents\GitHub\GAMP\sdl2Santa\santa15\src\game\chimney.c(182,3): warning C4996: 'sprintf': This function or variable may be unsafe. Consider using sprintf_s instead. To disable deprecation, use _CRT_SECURE_NO_WARNINGS. See online help for details.
  debris.c
C:\Users\rlarl\Documents\GitHub\GAMP\sdl2Santa\santa15\src\game\debris.c(44,36): error C2220: 다음 경고는 오류로 처리됩니다.
C:\Users\rlarl\Documents\GitHub\GAMP\sdl2Santa\santa15\src\game\debris.c(44,36): warning C4244: '함수': 'double'에서 'int'(으)로 변환하면서 데이터가 손실될 수 있습니다.
C:\Users\rlarl\Documents\GitHub\GAMP\sdl2Santa\santa15\src\game\debris.c(44,45): warning C4244: '함수': 'double'에서 'int'(으)로 변환하면서 데이터가 손실될 수 있습니다.
  entities.c
C:\Users\rlarl\Documents\GitHub\GAMP\sdl2Santa\santa15\src\game\entities.c(76,20): error C2220: 다음 경고는 오류로 처리됩니다.
C:\Users\rlarl\Documents\GitHub\GAMP\sdl2Santa\santa15\src\game\entities.c(76,20): warning C4244: '함수': 'double'에서 'int'(으)로 변환하면서 데이터가 손실될 수 있습니다.
C:\Users\rlarl\Documents\GitHub\GAMP\sdl2Santa\santa15\src\game\entities.c(76,26): warning C4244: '함수': 'double'에서 'int'(으)로 변환하면서 데이터가 손실될 수 있습니다.
C:\Users\rlarl\Documents\GitHub\GAMP\sdl2Santa\santa15\src\game\entities.c(80,32): warning C4244: '함수': 'double'에서 'int'(으)로 변환하면서 데이터가 손실될 수 있습니다.
C:\Users\rlarl\Documents\GitHub\GAMP\sdl2Santa\santa15\src\game\entities.c(80,38): warning C4244: '함수': 'double'에서 'int'(으)로 변환하면서 데이터가 손실될 수 있습니다.
C:\Users\rlarl\Documents\GitHub\GAMP\sdl2Santa\santa15\src\game\entities.c(80,88): warning C4244: '함수': 'double'에서 'int'(으)로 변환하면서 데이터가 손실될 수 있습니다.
C:\Users\rlarl\Documents\GitHub\GAMP\sdl2Santa\santa15\src\game\entities.c(80,98): warning C4244: '함수': 'double'에서 'int'(으)로 변환하면서 데이터가 손실될 수 있습니다.
C:\Users\rlarl\Documents\GitHub\GAMP\sdl2Santa\santa15\src\game\entities.c(93,30): warning C4244: '함수': 'double'에서 'int'(으)로 변환하면서 데이터가 손실될 수 있습니다.
C:\Users\rlarl\Documents\GitHub\GAMP\sdl2Santa\santa15\src\game\entities.c(93,36): warning C4244: '함수': 'double'에서 'int'(으)로 변환하면서 데이터가 손실될 수 있습니다.
  gift.c
C:\Users\rlarl\Documents\GitHub\GAMP\sdl2Santa\santa15\src\game\gift.c(80,20): error C2220: 다음 경고는 오류로 처리됩니다.
C:\Users\rlarl\Documents\GitHub\GAMP\sdl2Santa\santa15\src\game\gift.c(80,20): warning C4244: '함수': 'double'에서 'int'(으)로 변환하면서 데이터가 손실될 수 있습니다.
C:\Users\rlarl\Documents\GitHub\GAMP\sdl2Santa\santa15\src\game\gift.c(80,29): warning C4244: '함수': 'double'에서 'int'(으)로 변환하면서 데이터가 손실될 수 있습니다.
C:\Users\rlarl\Documents\GitHub\GAMP\sdl2Santa\santa15\src\game\gift.c(89,36): warning C4244: '함수': 'double'에서 'int'(으)로 변환하면서 데이터가 손실될 수 있습니다.
C:\Users\rlarl\Documents\GitHub\GAMP\sdl2Santa\santa15\src\game\gift.c(89,45): warning C4244: '함수': 'double'에서 'int'(으)로 변환하면서 데이터가 손실될 수 있습니다.
C:\Users\rlarl\Documents\GitHub\GAMP\sdl2Santa\santa15\src\game\gift.c(99,3): warning C4996: 'sprintf': This function or variable may be unsafe. Consider using sprintf_s instead. To disable deprecation, use _CRT_SECURE_NO_WARNINGS. See online help for details.
C:\Users\rlarl\Documents\GitHub\GAMP\sdl2Santa\santa15\src\game\gift.c(105,3): warning C4996: 'sprintf': This function or variable may be unsafe. Consider using sprintf_s instead. To disable deprecation, use _CRT_SECURE_NO_WARNINGS. See online help for details.
  headlessSnowman.c
C:\Users\rlarl\Documents\GitHub\GAMP\sdl2Santa\santa15\src\game\headlessSnowman.c(61,36): error C2220: 다음 경고는 오류로 처리됩니다.
C:\Users\rlarl\Documents\GitHub\GAMP\sdl2Santa\santa15\src\game\headlessSnowman.c(61,36): warning C4244: '함수': 'double'에서 'int'(으)로 변환하면서 데이터가 손실될 수 있습니다.
C:\Users\rlarl\Documents\GitHub\GAMP\sdl2Santa\santa15\src\game\headlessSnowman.c(61,45): warning C4244: '함수': 'double'에서 'int'(으)로 변환하면서 데이터가 손실될 수 있습니다.
C:\Users\rlarl\Documents\GitHub\GAMP\sdl2Santa\santa15\src\game\headlessSnowman.c(64,27): warning C4100: 'self': 참조되지 않은 정식 매개 변수입니다.
  highscores.c
C:\Users\rlarl\Documents\GitHub\GAMP\sdl2Santa\santa15\src\game\highscores.c(32,13): error C2220: 다음 경고는 오류로 처리됩니다.
C:\Users\rlarl\Documents\GitHub\GAMP\sdl2Santa\santa15\src\game\highscores.c(32,13): warning C4244: '=': 'time_t'에서 'long'(으)로 변환하면서 데이터가 손실될 수 있습니다.
C:\Users\rlarl\Documents\GitHub\GAMP\sdl2Santa\santa15\src\game\highscores.c(30,3): warning C4996: 'strncpy': This function or variable may be unsafe. Consider using strncpy_s instead. To disable deprecation, use _CRT_SECURE_NO_WARNINGS. See online help for details.
C:\Users\rlarl\Documents\GitHub\GAMP\sdl2Santa\santa15\src\game\highscores.c(65,3): warning C4996: 'sprintf': This function or variable may be unsafe. Consider using sprintf_s instead. To disable deprecation, use _CRT_SECURE_NO_WARNINGS. See online help for details.
C:\Users\rlarl\Documents\GitHub\GAMP\sdl2Santa\santa15\src\game\highscores.c(87,7): warning C4244: '=': 'time_t'에서 'long'(으)로 변환하면서 데이터가 손실될 수 있습니다.
C:\Users\rlarl\Documents\GitHub\GAMP\sdl2Santa\santa15\src\game\highscores.c(89,3): warning C4996: 'strncpy': This function or variable may be unsafe. Consider using strncpy_s instead. To disable deprecation, use _CRT_SECURE_NO_WARNINGS. See online help for details.
  house.c
C:\Users\rlarl\Documents\GitHub\GAMP\sdl2Santa\santa15\src\game\house.c(70,23): error C2220: 다음 경고는 오류로 처리됩니다.
C:\Users\rlarl\Documents\GitHub\GAMP\sdl2Santa\santa15\src\game\house.c(70,23): warning C4244: '함수': 'double'에서 'int'(으)로 변환하면서 데이터가 손실될 수 있습니다.
C:\Users\rlarl\Documents\GitHub\GAMP\sdl2Santa\santa15\src\game\house.c(101,36): warning C4244: '함수': 'double'에서 'int'(으)로 변환하면서 데이터가 손실될 수 있습니다.
C:\Users\rlarl\Documents\GitHub\GAMP\sdl2Santa\santa15\src\game\house.c(101,45): warning C4244: '함수': 'double'에서 'int'(으)로 변환하면서 데이터가 손실될 수 있습니다.
C:\Users\rlarl\Documents\GitHub\GAMP\sdl2Santa\santa15\src\game\house.c(107,48): warning C4244: '함수': 'double'에서 'int'(으)로 변환하면서 데이터가 손실될 수 있습니다.
C:\Users\rlarl\Documents\GitHub\GAMP\sdl2Santa\santa15\src\game\house.c(107,57): warning C4244: '함수': 'double'에서 'int'(으)로 변환하면서 데이터가 손실될 수 있습니다.
C:\Users\rlarl\Documents\GitHub\GAMP\sdl2Santa\santa15\src\game\house.c(111,68): warning C4244: '함수': 'double'에서 'int'(으)로 변환하면서 데이터가 손실될 수 있습니다.
C:\Users\rlarl\Documents\GitHub\GAMP\sdl2Santa\santa15\src\game\house.c(111,77): warning C4244: '함수': 'double'에서 'int'(으)로 변환하면서 데이터가 손실될 수 있습니다.
C:\Users\rlarl\Documents\GitHub\GAMP\sdl2Santa\santa15\src\game\house.c(116,35): warning C4244: '함수': 'double'에서 'int'(으)로 변환하면서 데이터가 손실될 수 있습니다.
C:\Users\rlarl\Documents\GitHub\GAMP\sdl2Santa\santa15\src\game\house.c(116,44): warning C4244: '함수': 'double'에서 'int'(으)로 변환하면서 데이터가 손실될 수 있습니다.
C:\Users\rlarl\Documents\GitHub\GAMP\sdl2Santa\santa15\src\game\house.c(120,27): warning C4100: 'self': 참조되지 않은 정식 매개 변수입니다.
C:\Users\rlarl\Documents\GitHub\GAMP\sdl2Santa\santa15\src\game\house.c(135,3): warning C4996: 'sprintf': This function or variable may be unsafe. Consider using sprintf_s instead. To disable deprecation, use _CRT_SECURE_NO_WARNINGS. See online help for details.
C:\Users\rlarl\Documents\GitHub\GAMP\sdl2Santa\santa15\src\game\house.c(145,3): warning C4996: 'sprintf': This function or variable may be unsafe. Consider using sprintf_s instead. To disable deprecation, use _CRT_SECURE_NO_WARNINGS. See online help for details.
  hud.c
C:\Users\rlarl\Documents\GitHub\GAMP\sdl2Santa\santa15\src\game\hud.c(73,9): error C2220: 다음 경고는 오류로 처리됩니다.
C:\Users\rlarl\Documents\GitHub\GAMP\sdl2Santa\santa15\src\game\hud.c(73,9): warning C4244: '=': 'double'에서 'int'(으)로 변환하면서 데이터가 손실될 수 있습니다.
C:\Users\rlarl\Documents\GitHub\GAMP\sdl2Santa\santa15\src\game\hud.c(78,6): warning C4244: '=': 'double'에서 'int'(으)로 변환하면서 데이터가 손실될 수 있습니다.
C:\Users\rlarl\Documents\GitHub\GAMP\sdl2Santa\santa15\src\game\hud.c(61,2): warning C4996: 'sprintf': This function or variable may be unsafe. Consider using sprintf_s instead. To disable deprecation, use _CRT_SECURE_NO_WARNINGS. See online help for details.
C:\Users\rlarl\Documents\GitHub\GAMP\sdl2Santa\santa15\src\game\hud.c(64,2): warning C4996: 'sprintf': This function or variable may be unsafe. Consider using sprintf_s instead. To disable deprecation, use _CRT_SECURE_NO_WARNINGS. See online help for details.
C:\Users\rlarl\Documents\GitHub\GAMP\sdl2Santa\santa15\src\game\hud.c(67,2): warning C4996: 'sprintf': This function or variable may be unsafe. Consider using sprintf_s instead. To disable deprecation, use _CRT_SECURE_NO_WARNINGS. See online help for details.
C:\Users\rlarl\Documents\GitHub\GAMP\sdl2Santa\santa15\src\game\hud.c(70,2): warning C4996: 'sprintf': This function or variable may be unsafe. Consider using sprintf_s instead. To disable deprecation, use _CRT_SECURE_NO_WARNINGS. See online help for details.
  particles.c
C:\Users\rlarl\Documents\GitHub\GAMP\sdl2Santa\santa15\src\game\particles.c(61,17): error C2220: 다음 경고는 오류로 처리됩니다.
C:\Users\rlarl\Documents\GitHub\GAMP\sdl2Santa\santa15\src\game\particles.c(61,17): warning C4244: '함수': 'double'에서 'int'(으)로 변환하면서 데이터가 손실될 수 있습니다.
C:\Users\rlarl\Documents\GitHub\GAMP\sdl2Santa\santa15\src\game\particles.c(61,27): warning C4244: '함수': 'double'에서 'int'(으)로 변환하면서 데이터가 손실될 수 있습니다.
C:\Users\rlarl\Documents\GitHub\GAMP\sdl2Santa\santa15\src\game\particles.c(79,15): warning C4244: '=': 'int'에서 'Uint8'(으)로 변환하면서 데이터가 손실될 수 있습니다.
C:\Users\rlarl\Documents\GitHub\GAMP\sdl2Santa\santa15\src\game\particles.c(80,15): warning C4244: '=': 'int'에서 'Uint8'(으)로 변환하면서 데이터가 손실될 수 있습니다.
C:\Users\rlarl\Documents\GitHub\GAMP\sdl2Santa\santa15\src\game\particles.c(81,15): warning C4244: '=': 'int'에서 'Uint8'(으)로 변환하면서 데이터가 손실될 수 있습니다.
  player.c
C:\Users\rlarl\Documents\GitHub\GAMP\sdl2Santa\santa15\src\game\player.c(162,22): error C2220: 다음 경고는 오류로 처리됩니다.
C:\Users\rlarl\Documents\GitHub\GAMP\sdl2Santa\santa15\src\game\player.c(162,22): warning C4244: '=': 'double'에서 'int'(으)로 변환하면서 데이터가 손실될 수 있습니다.
C:\Users\rlarl\Documents\GitHub\GAMP\sdl2Santa\santa15\src\game\player.c(163,23): warning C4244: '=': 'double'에서 'int'(으)로 변환하면서 데이터가 손실될 수 있습니다.
C:\Users\rlarl\Documents\GitHub\GAMP\sdl2Santa\santa15\src\game\player.c(165,40): warning C4244: '함수': 'double'에서 'int'(으)로 변환하면서 데이터가 손실될 수 있습니다.
C:\Users\rlarl\Documents\GitHub\GAMP\sdl2Santa\santa15\src\game\player.c(165,53): warning C4244: '함수': 'double'에서 'int'(으)로 변환하면서 데이터가 손실될 수 있습니다.
C:\Users\rlarl\Documents\GitHub\GAMP\sdl2Santa\santa15\src\game\player.c(177,17): warning C4244: '함수': 'double'에서 'int'(으)로 변환하면서 데이터가 손실될 수 있습니다.
C:\Users\rlarl\Documents\GitHub\GAMP\sdl2Santa\santa15\src\game\player.c(177,26): warning C4244: '함수': 'double'에서 'int'(으)로 변환하면서 데이터가 손실될 수 있습니다.
C:\Users\rlarl\Documents\GitHub\GAMP\sdl2Santa\santa15\src\game\player.c(178,17): warning C4244: '함수': 'double'에서 'int'(으)로 변환하면서 데이터가 손실될 수 있습니다.
C:\Users\rlarl\Documents\GitHub\GAMP\sdl2Santa\santa15\src\game\player.c(178,26): warning C4244: '함수': 'double'에서 'int'(으)로 변환하면서 데이터가 손실될 수 있습니다.
C:\Users\rlarl\Documents\GitHub\GAMP\sdl2Santa\santa15\src\game\player.c(179,17): warning C4244: '함수': 'double'에서 'int'(으)로 변환하면서 데이터가 손실될 수 있습니다.
C:\Users\rlarl\Documents\GitHub\GAMP\sdl2Santa\santa15\src\game\player.c(179,26): warning C4244: '함수': 'double'에서 'int'(으)로 변환하면서 데이터가 손실될 수 있습니다.
C:\Users\rlarl\Documents\GitHub\GAMP\sdl2Santa\santa15\src\game\player.c(185,19): warning C4244: '함수': 'double'에서 'int'(으)로 변환하면서 데이터가 손실될 수 있습니다.
C:\Users\rlarl\Documents\GitHub\GAMP\sdl2Santa\santa15\src\game\player.c(185,28): warning C4244: '함수': 'double'에서 'int'(으)로 변환하면서 데이터가 손실될 수 있습니다.
C:\Users\rlarl\Documents\GitHub\GAMP\sdl2Santa\santa15\src\game\player.c(189,19): warning C4244: '함수': 'double'에서 'int'(으)로 변환하면서 데이터가 손실될 수 있습니다.
C:\Users\rlarl\Documents\GitHub\GAMP\sdl2Santa\santa15\src\game\player.c(189,28): warning C4244: '함수': 'double'에서 'int'(으)로 변환하면서 데이터가 손실될 수 있습니다.
C:\Users\rlarl\Documents\GitHub\GAMP\sdl2Santa\santa15\src\game\player.c(213,30): warning C4244: '=': 'double'에서 'int'(으)로 변환하면서 데이터가 손실될 수 있습니다.
C:\Users\rlarl\Documents\GitHub\GAMP\sdl2Santa\santa15\src\game\player.c(214,30): warning C4244: '=': 'double'에서 'int'(으)로 변환하면서 데이터가 손실될 수 있습니다.
C:\Users\rlarl\Documents\GitHub\GAMP\sdl2Santa\santa15\src\game\player.c(240,3): warning C4996: 'sprintf': This function or variable may be unsafe. Consider using sprintf_s instead. To disable deprecation, use _CRT_SECURE_NO_WARNINGS. See online help for details.
C:\Users\rlarl\Documents\GitHub\GAMP\sdl2Santa\santa15\src\game\player.c(246,3): warning C4996: 'sprintf': This function or variable may be unsafe. Consider using sprintf_s instead. To disable deprecation, use _CRT_SECURE_NO_WARNINGS. See online help for details.
  quadtree.c
C:\Users\rlarl\Documents\GitHub\GAMP\sdl2Santa\santa15\src\game\quadtree.c(103,27): error C2220: 다음 경고는 오류로 처리됩니다.
C:\Users\rlarl\Documents\GitHub\GAMP\sdl2Santa\santa15\src\game\quadtree.c(103,27): warning C4244: '함수': 'double'에서 'int'(으)로 변환하면서 데이터가 손실될 수 있습니다.
C:\Users\rlarl\Documents\GitHub\GAMP\sdl2Santa\santa15\src\game\quadtree.c(103,33): warning C4244: '함수': 'double'에서 'int'(으)로 변환하면서 데이터가 손실될 수 있습니다.
C:\Users\rlarl\Documents\GitHub\GAMP\sdl2Santa\santa15\src\game\quadtree.c(175,28): warning C4244: '함수': 'double'에서 'int'(으)로 변환하면서 데이터가 손실될 수 있습니다.
C:\Users\rlarl\Documents\GitHub\GAMP\sdl2Santa\santa15\src\game\quadtree.c(175,34): warning C4244: '함수': 'double'에서 'int'(으)로 변환하면서 데이터가 손실될 수 있습니다.
  sack.c
C:\Users\rlarl\Documents\GitHub\GAMP\sdl2Santa\santa15\src\game\sack.c(62,20): error C2220: 다음 경고는 오류로 처리됩니다.
C:\Users\rlarl\Documents\GitHub\GAMP\sdl2Santa\santa15\src\game\sack.c(62,20): warning C4244: '함수': 'double'에서 'int'(으)로 변환하면서 데이터가 손실될 수 있습니다.
C:\Users\rlarl\Documents\GitHub\GAMP\sdl2Santa\santa15\src\game\sack.c(62,51): warning C4244: '함수': 'double'에서 'int'(으)로 변환하면서 데이터가 손실될 수 있습니다.
C:\Users\rlarl\Documents\GitHub\GAMP\sdl2Santa\santa15\src\game\sack.c(88,36): warning C4244: '함수': 'double'에서 'int'(으)로 변환하면서 데이터가 손실될 수 있습니다.
C:\Users\rlarl\Documents\GitHub\GAMP\sdl2Santa\santa15\src\game\sack.c(88,45): warning C4244: '함수': 'double'에서 'int'(으)로 변환하면서 데이터가 손실될 수 있습니다.
C:\Users\rlarl\Documents\GitHub\GAMP\sdl2Santa\santa15\src\game\sack.c(103,25): warning C4244: '함수': 'double'에서 'int'(으)로 변환하면서 데이터가 손실될 수 있습니다.
C:\Users\rlarl\Documents\GitHub\GAMP\sdl2Santa\santa15\src\game\sack.c(103,62): warning C4244: '함수': 'double'에서 'int'(으)로 변환하면서 데이터가 손실될 수 있습니다.
C:\Users\rlarl\Documents\GitHub\GAMP\sdl2Santa\santa15\src\game\sack.c(116,25): warning C4244: '함수': 'double'에서 'int'(으)로 변환하면서 데이터가 손실될 수 있습니다.
C:\Users\rlarl\Documents\GitHub\GAMP\sdl2Santa\santa15\src\game\sack.c(116,62): warning C4244: '함수': 'double'에서 'int'(으)로 변환하면서 데이터가 손실될 수 있습니다.
  snow.c
C:\Users\rlarl\Documents\GitHub\GAMP\sdl2Santa\santa15\src\game\snow.c(83,13): error C2220: 다음 경고는 오류로 처리됩니다.
C:\Users\rlarl\Documents\GitHub\GAMP\sdl2Santa\santa15\src\game\snow.c(83,13): warning C4244: '함수': 'double'에서 'int'(으)로 변환하면서 데이터가 손실될 수 있습니다.
C:\Users\rlarl\Documents\GitHub\GAMP\sdl2Santa\santa15\src\game\snow.c(83,19): warning C4244: '함수': 'double'에서 'int'(으)로 변환하면서 데이터가 손실될 수 있습니다.
  snowball.c
C:\Users\rlarl\Documents\GitHub\GAMP\sdl2Santa\santa15\src\game\snowball.c(92,36): error C2220: 다음 경고는 오류로 처리됩니다.
C:\Users\rlarl\Documents\GitHub\GAMP\sdl2Santa\santa15\src\game\snowball.c(92,36): warning C4244: '함수': 'double'에서 'int'(으)로 변환하면서 데이터가 손실될 수 있습니다.
C:\Users\rlarl\Documents\GitHub\GAMP\sdl2Santa\santa15\src\game\snowball.c(92,45): warning C4244: '함수': 'double'에서 'int'(으)로 변환하면서 데이터가 손실될 수 있습니다.
C:\Users\rlarl\Documents\GitHub\GAMP\sdl2Santa\santa15\src\game\snowball.c(101,18): warning C4244: '함수': 'double'에서 'int'(으)로 변환하면서 데이터가 손실될 수 있습니다.
C:\Users\rlarl\Documents\GitHub\GAMP\sdl2Santa\santa15\src\game\snowball.c(101,27): warning C4244: '함수': 'double'에서 'int'(으)로 변환하면서 데이터가 손실될 수 있습니다.
C:\Users\rlarl\Documents\GitHub\GAMP\sdl2Santa\santa15\src\game\snowball.c(107,20): warning C4244: '함수': 'double'에서 'int'(으)로 변환하면서 데이터가 손실될 수 있습니다.
C:\Users\rlarl\Documents\GitHub\GAMP\sdl2Santa\santa15\src\game\snowball.c(107,29): warning C4244: '함수': 'double'에서 'int'(으)로 변환하면서 데이터가 손실될 수 있습니다.
  snowman.c
C:\Users\rlarl\Documents\GitHub\GAMP\sdl2Santa\santa15\src\game\snowman.c(61,36): error C2220: 다음 경고는 오류로 처리됩니다.
C:\Users\rlarl\Documents\GitHub\GAMP\sdl2Santa\santa15\src\game\snowman.c(61,36): warning C4244: '함수': 'double'에서 'int'(으)로 변환하면서 데이터가 손실될 수 있습니다.
C:\Users\rlarl\Documents\GitHub\GAMP\sdl2Santa\santa15\src\game\snowman.c(61,45): warning C4244: '함수': 'double'에서 'int'(으)로 변환하면서 데이터가 손실될 수 있습니다.
C:\Users\rlarl\Documents\GitHub\GAMP\sdl2Santa\santa15\src\game\snowman.c(64,27): warning C4100: 'self': 참조되지 않은 정식 매개 변수입니다.
  snowmanHead.c
C:\Users\rlarl\Documents\GitHub\GAMP\sdl2Santa\santa15\src\game\snowmanHead.c(81,19): error C2220: 다음 경고는 오류로 처리됩니다.
C:\Users\rlarl\Documents\GitHub\GAMP\sdl2Santa\santa15\src\game\snowmanHead.c(81,19): warning C4244: '함수': 'double'에서 'int'(으)로 변환하면서 데이터가 손실될 수 있습니다.
C:\Users\rlarl\Documents\GitHub\GAMP\sdl2Santa\santa15\src\game\snowmanHead.c(81,28): warning C4244: '함수': 'double'에서 'int'(으)로 변환하면서 데이터가 손실될 수 있습니다.
C:\Users\rlarl\Documents\GitHub\GAMP\sdl2Santa\santa15\src\game\snowmanHead.c(108,36): warning C4244: '함수': 'double'에서 'int'(으)로 변환하면서 데이터가 손실될 수 있습니다.
C:\Users\rlarl\Documents\GitHub\GAMP\sdl2Santa\santa15\src\game\snowmanHead.c(108,45): warning C4244: '함수': 'double'에서 'int'(으)로 변환하면서 데이터가 손실될 수 있습니다.
C:\Users\rlarl\Documents\GitHub\GAMP\sdl2Santa\santa15\src\game\snowmanHead.c(117,18): warning C4244: '함수': 'double'에서 'int'(으)로 변환하면서 데이터가 손실될 수 있습니다.
C:\Users\rlarl\Documents\GitHub\GAMP\sdl2Santa\santa15\src\game\snowmanHead.c(117,27): warning C4244: '함수': 'double'에서 'int'(으)로 변환하면서 데이터가 손실될 수 있습니다.
C:\Users\rlarl\Documents\GitHub\GAMP\sdl2Santa\santa15\src\game\snowmanHead.c(123,20): warning C4244: '함수': 'double'에서 'int'(으)로 변환하면서 데이터가 손실될 수 있습니다.
C:\Users\rlarl\Documents\GitHub\GAMP\sdl2Santa\santa15\src\game\snowmanHead.c(123,29): warning C4244: '함수': 'double'에서 'int'(으)로 변환하면서 데이터가 손실될 수 있습니다.
  stage.c
C:\Users\rlarl\Documents\GitHub\GAMP\sdl2Santa\santa15\src\game\stage.c(243,25): error C2220: 다음 경고는 오류로 처리됩니다.
C:\Users\rlarl\Documents\GitHub\GAMP\sdl2Santa\santa15\src\game\stage.c(243,25): warning C4244: '=': 'double'에서 'int'(으)로 변환하면서 데이터가 손실될 수 있습니다.
C:\Users\rlarl\Documents\GitHub\GAMP\sdl2Santa\santa15\src\game\stage.c(354,32): warning C4244: '함수': 'double'에서 'int'(으)로 변환하면서 데이터가 손실될 수 있습니다.
C:\Users\rlarl\Documents\GitHub\GAMP\sdl2Santa\santa15\src\game\stage.c(354,38): warning C4244: '함수': 'double'에서 'int'(으)로 변환하면서 데이터가 손실될 수 있습니다.
C:\Users\rlarl\Documents\GitHub\GAMP\sdl2Santa\santa15\src\game\stage.c(393,3): warning C4996: 'sprintf': This function or variable may be unsafe. Consider using sprintf_s instead. To disable deprecation, use _CRT_SECURE_NO_WARNINGS. See online help for details.
C:\Users\rlarl\Documents\GitHub\GAMP\sdl2Santa\santa15\src\game\stage.c(399,3): warning C4996: 'sprintf': This function or variable may be unsafe. Consider using sprintf_s instead. To disable deprecation, use _CRT_SECURE_NO_WARNINGS. See online help for details.
C:\Users\rlarl\Documents\GitHub\GAMP\sdl2Santa\santa15\src\game\stage.c(413,15): warning C4244: 'return': 'double'에서 'int'(으)로 변환하면서 데이터가 손실될 수 있습니다.
  title.c
  cJSON.c
C:\Users\rlarl\Documents\GitHub\GAMP\sdl2Santa\santa15\src\json\cJSON.c(52,14): error C2220: 다음 경고는 오류로 처리됩니다.
C:\Users\rlarl\Documents\GitHub\GAMP\sdl2Santa\santa15\src\json\cJSON.c(52,14): warning C4232: 비표준 확장이 사용됨: 'cJSON_malloc': dllimport 'malloc'의 주소가 정적이 아닙니다. ID가 보장되지 않습니다.
  C:\Program Files (x86)\Windows Kits\10\Include\10.0.22621.0\ucrt\corecrt_malloc.h(101,15):
  'malloc' 선언을 참조하십시오.
  
C:\Users\rlarl\Documents\GitHub\GAMP\sdl2Santa\santa15\src\json\cJSON.c(53,13): warning C4232: 비표준 확장이 사용됨: 'cJSON_free': dllimport 'free'의 주소가 정적이 아닙니다. ID가 보장되지 않습니다.
  C:\Program Files (x86)\Windows Kits\10\Include\10.0.22621.0\ucrt\corecrt_malloc.h(89,14):
  'free' 선언을 참조하십시오.
  
C:\Users\rlarl\Documents\GitHub\GAMP\sdl2Santa\santa15\src\json\cJSON.c(183,19): warning C4267: 'return': 'size_t'에서 'int'(으)로 변환하면서 데이터가 손실될 수 있습니다.
C:\Users\rlarl\Documents\GitHub\GAMP\sdl2Santa\santa15\src\json\cJSON.c(197,12): warning C4996: 'strcpy': This function or variable may be unsafe. Consider using strcpy_s instead. To disable deprecation, use _CRT_SECURE_NO_WARNINGS. See online help for details.
C:\Users\rlarl\Documents\GitHub\GAMP\sdl2Santa\santa15\src\json\cJSON.c(205,12): warning C4996: 'sprintf': This function or variable may be unsafe. Consider using sprintf_s instead. To disable deprecation, use _CRT_SECURE_NO_WARNINGS. See online help for details.
C:\Users\rlarl\Documents\GitHub\GAMP\sdl2Santa\santa15\src\json\cJSON.c(216,5): warning C4996: 'sprintf': This function or variable may be unsafe. Consider using sprintf_s instead. To disable deprecation, use _CRT_SECURE_NO_WARNINGS. See online help for details.
C:\Users\rlarl\Documents\GitHub\GAMP\sdl2Santa\santa15\src\json\cJSON.c(218,5): warning C4996: 'sprintf': This function or variable may be unsafe. Consider using sprintf_s instead. To disable deprecation, use _CRT_SECURE_NO_WARNINGS. See online help for details.
C:\Users\rlarl\Documents\GitHub\GAMP\sdl2Santa\santa15\src\json\cJSON.c(220,5): warning C4996: 'sprintf': This function or variable may be unsafe. Consider using sprintf_s instead. To disable deprecation, use _CRT_SECURE_NO_WARNINGS. See online help for details.
C:\Users\rlarl\Documents\GitHub\GAMP\sdl2Santa\santa15\src\json\cJSON.c(353,22): warning C4244: '=': 'unsigned int'에서 'char'(으)로 변환하면서 데이터가 손실될 수 있습니다.
C:\Users\rlarl\Documents\GitHub\GAMP\sdl2Santa\santa15\src\json\cJSON.c(382,13): warning C4244: '=': '__int64'에서 'int'(으)로 변환하면서 데이터가 손실될 수 있습니다.
C:\Users\rlarl\Documents\GitHub\GAMP\sdl2Santa\santa15\src\json\cJSON.c(390,3): warning C4996: 'strcpy': This function or variable may be unsafe. Consider using strcpy_s instead. To disable deprecation, use _CRT_SECURE_NO_WARNINGS. See online help for details.
C:\Users\rlarl\Documents\GitHub\GAMP\sdl2Santa\santa15\src\json\cJSON.c(403,3): warning C4996: 'strcpy': This function or variable may be unsafe. Consider using strcpy_s instead. To disable deprecation, use _CRT_SECURE_NO_WARNINGS. See online help for details.
C:\Users\rlarl\Documents\GitHub\GAMP\sdl2Santa\santa15\src\json\cJSON.c(456,6): warning C4996: 'sprintf': This function or variable may be unsafe. Consider using sprintf_s instead. To disable deprecation, use _CRT_SECURE_NO_WARNINGS. See online help for details.
C:\Users\rlarl\Documents\GitHub\GAMP\sdl2Santa\santa15\src\json\cJSON.c(599,14): warning C4996: 'strcpy': This function or variable may be unsafe. Consider using strcpy_s instead. To disable deprecation, use _CRT_SECURE_NO_WARNINGS. See online help for details.
C:\Users\rlarl\Documents\GitHub\GAMP\sdl2Santa\santa15\src\json\cJSON.c(605,14): warning C4996: 'strcpy': This function or variable may be unsafe. Consider using strcpy_s instead. To disable deprecation, use _CRT_SECURE_NO_WARNINGS. See online help for details.
C:\Users\rlarl\Documents\GitHub\GAMP\sdl2Santa\santa15\src\json\cJSON.c(611,14): warning C4996: 'strcpy': This function or variable may be unsafe. Consider using strcpy_s instead. To disable deprecation, use _CRT_SECURE_NO_WARNINGS. See online help for details.
C:\Users\rlarl\Documents\GitHub\GAMP\sdl2Santa\santa15\src\json\cJSON.c(760,28): warning C4267: '+=': 'size_t'에서 'int'(으)로 변환하면서 데이터가 손실될 수 있습니다.
C:\Users\rlarl\Documents\GitHub\GAMP\sdl2Santa\santa15\src\json\cJSON.c(712,12): warning C4996: 'strcpy': This function or variable may be unsafe. Consider using strcpy_s instead. To disable deprecation, use _CRT_SECURE_NO_WARNINGS. See online help for details.
C:\Users\rlarl\Documents\GitHub\GAMP\sdl2Santa\santa15\src\json\cJSON.c(962,42): warning C4267: '+=': 'size_t'에서 'int'(으)로 변환하면서 데이터가 손실될 수 있습니다.
C:\Users\rlarl\Documents\GitHub\GAMP\sdl2Santa\santa15\src\json\cJSON.c(999,4): warning C4996: 'strcpy': This function or variable may be unsafe. Consider using strcpy_s instead. To disable deprecation, use _CRT_SECURE_NO_WARNINGS. See online help for details.
  코드를 생성하고 있습니다...
  컴파일하고 있습니다...
  main.c
C:\Users\rlarl\Documents\GitHub\GAMP\sdl2Santa\santa15\src\main.c(19,26): error C2220: 다음 경고는 오류로 처리됩니다.
C:\Users\rlarl\Documents\GitHub\GAMP\sdl2Santa\santa15\src\main.c(19,26): warning C4100: 'argv': 참조되지 않은 정식 매개 변수입니다.
C:\Users\rlarl\Documents\GitHub\GAMP\sdl2Santa\santa15\src\main.c(19,14): warning C4100: 'argc': 참조되지 않은 정식 매개 변수입니다.
  atlas.c
C:\Users\rlarl\Documents\GitHub\GAMP\sdl2Santa\santa15\src\system\atlas.c(89,3): error C2220: 다음 경고는 오류로 처리됩니다.
C:\Users\rlarl\Documents\GitHub\GAMP\sdl2Santa\santa15\src\system\atlas.c(89,3): warning C4996: 'strncpy': This function or variable may be unsafe. Consider using strncpy_s instead. To disable deprecation, use _CRT_SECURE_NO_WARNINGS. See online help for details.
  draw.c
C:\Users\rlarl\Documents\GitHub\GAMP\sdl2Santa\santa15\src\system\draw.c(66,39): error C2220: 다음 경고는 오류로 처리됩니다.
C:\Users\rlarl\Documents\GitHub\GAMP\sdl2Santa\santa15\src\system\draw.c(66,39): warning C4244: '함수': 'int'에서 'Uint8'(으)로 변환하면서 데이터가 손실될 수 있습니다.
C:\Users\rlarl\Documents\GitHub\GAMP\sdl2Santa\santa15\src\system\draw.c(66,42): warning C4244: '함수': 'int'에서 'Uint8'(으)로 변환하면서 데이터가 손실될 수 있습니다.
C:\Users\rlarl\Documents\GitHub\GAMP\sdl2Santa\santa15\src\system\draw.c(66,45): warning C4244: '함수': 'int'에서 'Uint8'(으)로 변환하면서 데이터가 손실될 수 있습니다.
C:\Users\rlarl\Documents\GitHub\GAMP\sdl2Santa\santa15\src\system\draw.c(66,48): warning C4244: '함수': 'int'에서 'Uint8'(으)로 변환하면서 데이터가 손실될 수 있습니다.
C:\Users\rlarl\Documents\GitHub\GAMP\sdl2Santa\santa15\src\system\draw.c(79,39): warning C4244: '함수': 'int'에서 'Uint8'(으)로 변환하면서 데이터가 손실될 수 있습니다.
C:\Users\rlarl\Documents\GitHub\GAMP\sdl2Santa\santa15\src\system\draw.c(79,42): warning C4244: '함수': 'int'에서 'Uint8'(으)로 변환하면서 데이터가 손실될 수 있습니다.
C:\Users\rlarl\Documents\GitHub\GAMP\sdl2Santa\santa15\src\system\draw.c(79,45): warning C4244: '함수': 'int'에서 'Uint8'(으)로 변환하면서 데이터가 손실될 수 있습니다.
C:\Users\rlarl\Documents\GitHub\GAMP\sdl2Santa\santa15\src\system\draw.c(79,48): warning C4244: '함수': 'int'에서 'Uint8'(으)로 변환하면서 데이터가 손실될 수 있습니다.
  init.c
C:\Users\rlarl\Documents\GitHub\GAMP\sdl2Santa\santa15\src\system\init.c(61,8): error C2220: 다음 경고는 오류로 처리됩니다.
C:\Users\rlarl\Documents\GitHub\GAMP\sdl2Santa\santa15\src\system\init.c(61,8): warning C4244: '함수': 'time_t'에서 'unsigned int'(으)로 변환하면서 데이터가 손실될 수 있습니다.
  textures.c
C:\Users\rlarl\Documents\GitHub\GAMP\sdl2Santa\santa15\src\system\textures.c(45,2): error C2220: 다음 경고는 오류로 처리됩니다.
C:\Users\rlarl\Documents\GitHub\GAMP\sdl2Santa\santa15\src\system\textures.c(45,2): warning C4996: 'strncpy': This function or variable may be unsafe. Consider using strncpy_s instead. To disable deprecation, use _CRT_SECURE_NO_WARNINGS. See online help for details.
  util.c
C:\Users\rlarl\Documents\GitHub\GAMP\sdl2Santa\santa15\src\system\util.c(39,9): error C2220: 다음 경고는 오류로 처리됩니다.
C:\Users\rlarl\Documents\GitHub\GAMP\sdl2Santa\santa15\src\system\util.c(39,9): warning C4996: 'fopen': This function or variable may be unsafe. Consider using fopen_s instead. To disable deprecation, use _CRT_SECURE_NO_WARNINGS. See online help for details.
  코드를 생성하고 있습니다...
